0 info it worked if it ends with ok
1 verbose cli [ '/usr/bin/nodejs',
1 verbose cli   '/usr/bin/npm',
1 verbose cli   'install',
1 verbose cli   'nodemailer',
1 verbose cli   '--save' ]
2 info using npm@1.4.21
3 info using node@v0.10.25
4 verbose readDependencies using package.json deps
5 verbose cache add [ 'nodemailer@^1.3.4', null ]
6 verbose cache add name=undefined spec="nodemailer@^1.3.4" args=["nodemailer@^1.3.4",null]
7 verbose parsed url { protocol: null,
7 verbose parsed url   slashes: null,
7 verbose parsed url   auth: null,
7 verbose parsed url   host: null,
7 verbose parsed url   port: null,
7 verbose parsed url   hostname: null,
7 verbose parsed url   hash: null,
7 verbose parsed url   search: null,
7 verbose parsed url   query: null,
7 verbose parsed url   pathname: 'nodemailer@^1.3.4',
7 verbose parsed url   path: 'nodemailer@^1.3.4',
7 verbose parsed url   href: 'nodemailer@^1.3.4' }
8 verbose cache add name="nodemailer" spec="^1.3.4" args=["nodemailer","^1.3.4"]
9 verbose parsed url { protocol: null,
9 verbose parsed url   slashes: null,
9 verbose parsed url   auth: null,
9 verbose parsed url   host: null,
9 verbose parsed url   port: null,
9 verbose parsed url   hostname: null,
9 verbose parsed url   hash: null,
9 verbose parsed url   search: null,
9 verbose parsed url   query: null,
9 verbose parsed url   pathname: '^1.3.4',
9 verbose parsed url   path: '^1.3.4',
9 verbose parsed url   href: '^1.3.4' }
10 verbose addNamed [ 'nodemailer', '^1.3.4' ]
11 verbose addNamed [ null, '>=1.3.4-0 <2.0.0-0' ]
12 silly lockFile 740ee6e2-nodemailer-1-3-4 nodemailer@^1.3.4
13 verbose lock nodemailer@^1.3.4 /home/nidhin/.npm/740ee6e2-nodemailer-1-3-4.lock
14 silly addNameRange { name: 'nodemailer',
14 silly addNameRange   range: '>=1.3.4-0 <2.0.0-0',
14 silly addNameRange   hasData: false }
15 verbose request where is /nodemailer
16 verbose request registry http://registry.npmjs.org/
17 verbose request id c6c551c26221d6c9
18 verbose url raw /nodemailer
19 verbose url resolving [ 'http://registry.npmjs.org/', './nodemailer' ]
20 verbose url resolved http://registry.npmjs.org/nodemailer
21 verbose request where is http://registry.npmjs.org/nodemailer
22 info trying registry request attempt 1 at 19:27:14
23 verbose etag "5IP4A8V8ZP6M3MZ7OGG5F2C3K"
24 http GET http://registry.npmjs.org/nodemailer
25 http 304 http://registry.npmjs.org/nodemailer
26 silly registry.get cb [ 304,
26 silly registry.get   { date: 'Thu, 09 Jul 2015 13:57:19 GMT',
26 silly registry.get     via: '1.1 varnish',
26 silly registry.get     'cache-control': 'max-age=60',
26 silly registry.get     etag: '"5IP4A8V8ZP6M3MZ7OGG5F2C3K"',
26 silly registry.get     age: '0',
26 silly registry.get     connection: 'keep-alive',
26 silly registry.get     'x-served-by': 'cache-sin6920-SIN',
26 silly registry.get     'x-cache': 'HIT',
26 silly registry.get     'x-cache-hits': '1',
26 silly registry.get     'x-timer': 'S1436450239.421162,VS0,VE1077',
26 silly registry.get     vary: 'Accept' } ]
27 verbose etag http://registry.npmjs.org/nodemailer from cache
28 silly addNameRange number 2 { name: 'nodemailer',
28 silly addNameRange   range: '>=1.3.4-0 <2.0.0-0',
28 silly addNameRange   hasData: true }
29 silly addNameRange versions [ 'nodemailer',
29 silly addNameRange   [ '0.1.1',
29 silly addNameRange     '0.1.2',
29 silly addNameRange     '0.1.3',
29 silly addNameRange     '0.1.4',
29 silly addNameRange     '0.1.5',
29 silly addNameRange     '0.1.6',
29 silly addNameRange     '0.1.7',
29 silly addNameRange     '0.1.8',
29 silly addNameRange     '0.1.9',
29 silly addNameRange     '0.1.10',
29 silly addNameRange     '0.1.11',
29 silly addNameRange     '0.1.12',
29 silly addNameRange     '0.1.13',
29 silly addNameRange     '0.1.14',
29 silly addNameRange     '0.1.15',
29 silly addNameRange     '0.1.16',
29 silly addNameRange     '0.1.17',
29 silly addNameRange     '0.1.18',
29 silly addNameRange     '0.1.19',
29 silly addNameRange     '0.1.20',
29 silly addNameRange     '0.1.21',
29 silly addNameRange     '0.1.22',
29 silly addNameRange     '0.1.23',
29 silly addNameRange     '0.1.24',
29 silly addNameRange     '0.2.0',
29 silly addNameRange     '0.2.1',
29 silly addNameRange     '0.2.2',
29 silly addNameRange     '0.2.3',
29 silly addNameRange     '0.2.4',
29 silly addNameRange     '0.3.0',
29 silly addNameRange     '0.3.1',
29 silly addNameRange     '0.3.2',
29 silly addNameRange     '0.3.3',
29 silly addNameRange     '0.3.4',
29 silly addNameRange     '0.3.5',
29 silly addNameRange     '0.3.6',
29 silly addNameRange     '0.3.7',
29 silly addNameRange     '0.3.8',
29 silly addNameRange     '0.3.9',
29 silly addNameRange     '0.3.10',
29 silly addNameRange     '0.3.11',
29 silly addNameRange     '0.3.12',
29 silly addNameRange     '0.3.13',
29 silly addNameRange     '0.3.14',
29 silly addNameRange     '0.3.15',
29 silly addNameRange     '0.3.16',
29 silly addNameRange     '0.3.17',
29 silly addNameRange     '0.3.18',
29 silly addNameRange     '0.3.19',
29 silly addNameRange     '0.3.20',
29 silly addNameRange     '0.3.21',
29 silly addNameRange     '0.3.22',
29 silly addNameRange     '0.3.23',
29 silly addNameRange     '0.3.24',
29 silly addNameRange     '0.3.25',
29 silly addNameRange     '0.3.26',
29 silly addNameRange     '0.3.27',
29 silly addNameRange     '0.3.28',
29 silly addNameRange     '0.3.29',
29 silly addNameRange     '0.3.30',
29 silly addNameRange     '0.3.31',
29 silly addNameRange     '0.3.32',
29 silly addNameRange     '0.3.33',
29 silly addNameRange     '0.3.34',
29 silly addNameRange     '0.3.35',
29 silly addNameRange     '0.3.37',
29 silly addNameRange     '0.3.38',
29 silly addNameRange     '0.3.39',
29 silly addNameRange     '0.3.40',
29 silly addNameRange     '0.3.41',
29 silly addNameRange     '0.3.42',
29 silly addNameRange     '0.3.43',
29 silly addNameRange     '0.3.44',
29 silly addNameRange     '0.4.0',
29 silly addNameRange     '0.4.1',
29 silly addNameRange     '0.4.2',
29 silly addNameRange     '0.4.3',
29 silly addNameRange     '0.4.4',
29 silly addNameRange     '0.5.0',
29 silly addNameRange     '0.5.1',
29 silly addNameRange     '0.5.2',
29 silly addNameRange     '0.5.3',
29 silly addNameRange     '0.5.4',
29 silly addNameRange     '0.5.5',
29 silly addNameRange     '0.5.6',
29 silly addNameRange     '0.5.7',
29 silly addNameRange     '0.5.8',
29 silly addNameRange     '0.5.9',
29 silly addNameRange     '0.5.10',
29 silly addNameRange     '0.5.11',
29 silly addNameRange     '0.5.12',
29 silly addNameRange     '0.5.13',
29 silly addNameRange     '0.5.14',
29 silly addNameRange     '0.5.15',
29 silly addNameRange     '0.6.0',
29 silly addNameRange     '0.6.1',
29 silly addNameRange     '0.6.2',
29 silly addNameRange     '0.6.3',
29 silly addNameRange     '0.6.4',
29 silly addNameRange     '0.6.5',
29 silly addNameRange     '0.7.0',
29 silly addNameRange     '0.7.1',
29 silly addNameRange     '1.0.0-rc.1',
29 silly addNameRange     '1.0.0',
29 silly addNameRange     '1.0.1',
29 silly addNameRange     '1.0.2',
29 silly addNameRange     '1.0.3',
29 silly addNameRange     '1.0.4',
29 silly addNameRange     '1.1.0',
29 silly addNameRange     '1.1.1',
29 silly addNameRange     '1.1.2',
29 silly addNameRange     '1.2.0',
29 silly addNameRange     '1.2.1',
29 silly addNameRange     '1.2.2',
29 silly addNameRange     '1.3.0',
29 silly addNameRange     '1.3.1',
29 silly addNameRange     '1.3.2',
29 silly addNameRange     '1.3.3',
29 silly addNameRange     '1.3.4',
29 silly addNameRange     '1.4.0' ] ]
30 verbose addNamed [ 'nodemailer', '1.4.0' ]
31 verbose addNamed [ '1.4.0', '1.4.0' ]
32 silly lockFile 5c07f0f5-nodemailer-1-4-0 nodemailer@1.4.0
33 verbose lock nodemailer@1.4.0 /home/nidhin/.npm/5c07f0f5-nodemailer-1-4-0.lock
34 silly lockFile 5c07f0f5-nodemailer-1-4-0 nodemailer@1.4.0
35 silly lockFile 5c07f0f5-nodemailer-1-4-0 nodemailer@1.4.0
36 silly lockFile 740ee6e2-nodemailer-1-3-4 nodemailer@^1.3.4
37 silly lockFile 740ee6e2-nodemailer-1-3-4 nodemailer@^1.3.4
38 silly resolved [ { name: 'nodemailer',
38 silly resolved     version: '1.4.0',
38 silly resolved     description: 'Easy as cake e-mail sending from your Node.js applications',
38 silly resolved     main: 'src/nodemailer.js',
38 silly resolved     scripts: { test: 'grunt' },
38 silly resolved     repository: { type: 'git', url: 'git://github.com/andris9/Nodemailer.git' },
38 silly resolved     keywords: [ 'e-mail', 'mime', 'email', 'mail', 'sendmail', 'ses', 'smtp' ],
38 silly resolved     author: { name: 'Andris Reinman' },
38 silly resolved     license: 'MIT',
38 silly resolved     bugs: { url: 'https://github.com/andris9/Nodemailer/issues' },
38 silly resolved     homepage: 'http://www.nodemailer.com',
38 silly resolved     devDependencies:
38 silly resolved      { chai: '^3.0.0',
38 silly resolved        grunt: '^0.4.5',
38 silly resolved        'grunt-contrib-jshint': '^0.11.2',
38 silly resolved        'grunt-mocha-test': '^0.12.7',
38 silly resolved        'nodemailer-dkim': '^1.0.3',
38 silly resolved        'nodemailer-markdown': '^1.0.0',
38 silly resolved        'nodemailer-stub-transport': '^1.0.0',
38 silly resolved        'smtp-server': '^1.4.0',
38 silly resolved        sinon: '^1.15.4' },
38 silly resolved     dependencies:
38 silly resolved      { buildmail: '^1.2.4',
38 silly resolved        hyperquest: '^1.2.0',
38 silly resolved        libmime: '^1.0.0',
38 silly resolved        'nodemailer-direct-transport': '^1.0.2',
38 silly resolved        'nodemailer-smtp-transport': '^1.0.3' },
38 silly resolved     engines: { node: '>=0.10.0' },
38 silly resolved     gitHead: 'f81053e8d25c7f738bdc48cc95326cef67d9782c',
38 silly resolved     _id: 'nodemailer@1.4.0',
38 silly resolved     _shasum: 'ef9d0e1611ec45039e64e4ddb9db1512642a8d42',
38 silly resolved     _from: 'nodemailer@^1.3.4',
38 silly resolved     _npmVersion: '2.7.4',
38 silly resolved     _nodeVersion: '0.12.2',
38 silly resolved     _npmUser: { name: 'andris', email: 'andris@kreata.ee' },
38 silly resolved     dist:
38 silly resolved      { shasum: 'ef9d0e1611ec45039e64e4ddb9db1512642a8d42',
38 silly resolved        tarball: 'http://registry.npmjs.org/nodemailer/-/nodemailer-1.4.0.tgz' },
38 silly resolved     maintainers: [ [Object] ],
38 silly resolved     directories: {},
38 silly resolved     _resolved: 'http://registry.npmjs.org/nodemailer/-/nodemailer-1.4.0.tgz',
38 silly resolved     readme: 'ERROR: No README data found!' } ]
39 info install nodemailer@1.4.0 into /media/nidhin/FA06F4A206F46155/Users/Nidhin/Documents/GitHub/Kart_node_dev
40 info installOne nodemailer@1.4.0
41 verbose node_modules/nodemailer unbuild
42 verbose tar unpack /home/nidhin/.npm/nodemailer/1.4.0/package.tgz
43 silly lockFile 3db69336-node-dev-node-modules-nodemailer tar:///media/nidhin/FA06F4A206F46155/Users/Nidhin/Documents/GitHub/Kart_node_dev/node_modules/nodemailer
44 verbose lock tar:///media/nidhin/FA06F4A206F46155/Users/Nidhin/Documents/GitHub/Kart_node_dev/node_modules/nodemailer /home/nidhin/.npm/3db69336-node-dev-node-modules-nodemailer.lock
45 silly lockFile 9ad24cdf-npm-nodemailer-1-4-0-package-tgz tar:///home/nidhin/.npm/nodemailer/1.4.0/package.tgz
46 verbose lock tar:///home/nidhin/.npm/nodemailer/1.4.0/package.tgz /home/nidhin/.npm/9ad24cdf-npm-nodemailer-1-4-0-package-tgz.lock
47 silly gunzTarPerm modes [ '775', '664' ]
48 silly gunzTarPerm extractEntry package.json
49 silly gunzTarPerm modified mode [ 'package.json', 420, 436 ]
50 silly gunzTarPerm extractEntry .npmignore
51 silly gunzTarPerm modified mode [ '.npmignore', 420, 436 ]
52 silly gunzTarPerm extractEntry README.md
53 silly gunzTarPerm modified mode [ 'README.md', 420, 436 ]
54 silly gunzTarPerm extractEntry LICENSE
55 silly gunzTarPerm modified mode [ 'LICENSE', 420, 436 ]
56 silly gunzTarPerm extractEntry Gruntfile.js
57 silly gunzTarPerm modified mode [ 'Gruntfile.js', 420, 436 ]
58 silly gunzTarPerm extractEntry CHANGELOG.md
59 silly gunzTarPerm modified mode [ 'CHANGELOG.md', 420, 436 ]
60 silly gunzTarPerm extractEntry .jshintrc
61 silly gunzTarPerm modified mode [ '.jshintrc', 420, 436 ]
62 silly gunzTarPerm extractEntry src/compiler.js
63 silly gunzTarPerm modified mode [ 'src/compiler.js', 420, 436 ]
64 silly gunzTarPerm extractEntry src/nodemailer.js
65 silly gunzTarPerm modified mode [ 'src/nodemailer.js', 420, 436 ]
66 silly lockFile 3db69336-node-dev-node-modules-nodemailer tar:///media/nidhin/FA06F4A206F46155/Users/Nidhin/Documents/GitHub/Kart_node_dev/node_modules/nodemailer
67 silly lockFile 3db69336-node-dev-node-modules-nodemailer tar:///media/nidhin/FA06F4A206F46155/Users/Nidhin/Documents/GitHub/Kart_node_dev/node_modules/nodemailer
68 silly lockFile 9ad24cdf-npm-nodemailer-1-4-0-package-tgz tar:///home/nidhin/.npm/nodemailer/1.4.0/package.tgz
69 silly lockFile 9ad24cdf-npm-nodemailer-1-4-0-package-tgz tar:///home/nidhin/.npm/nodemailer/1.4.0/package.tgz
70 info preinstall nodemailer@1.4.0
71 verbose readDependencies using package.json deps
72 verbose readDependencies using package.json deps
73 verbose cache add [ 'buildmail@^1.2.4', null ]
74 verbose cache add name=undefined spec="buildmail@^1.2.4" args=["buildmail@^1.2.4",null]
75 verbose parsed url { protocol: null,
75 verbose parsed url   slashes: null,
75 verbose parsed url   auth: null,
75 verbose parsed url   host: null,
75 verbose parsed url   port: null,
75 verbose parsed url   hostname: null,
75 verbose parsed url   hash: null,
75 verbose parsed url   search: null,
75 verbose parsed url   query: null,
75 verbose parsed url   pathname: 'buildmail@^1.2.4',
75 verbose parsed url   path: 'buildmail@^1.2.4',
75 verbose parsed url   href: 'buildmail@^1.2.4' }
76 verbose cache add [ 'hyperquest@^1.2.0', null ]
77 verbose cache add name=undefined spec="hyperquest@^1.2.0" args=["hyperquest@^1.2.0",null]
78 verbose parsed url { protocol: null,
78 verbose parsed url   slashes: null,
78 verbose parsed url   auth: null,
78 verbose parsed url   host: null,
78 verbose parsed url   port: null,
78 verbose parsed url   hostname: null,
78 verbose parsed url   hash: null,
78 verbose parsed url   search: null,
78 verbose parsed url   query: null,
78 verbose parsed url   pathname: 'hyperquest@^1.2.0',
78 verbose parsed url   path: 'hyperquest@^1.2.0',
78 verbose parsed url   href: 'hyperquest@^1.2.0' }
79 verbose cache add [ 'libmime@^1.0.0', null ]
80 verbose cache add name=undefined spec="libmime@^1.0.0" args=["libmime@^1.0.0",null]
81 verbose parsed url { protocol: null,
81 verbose parsed url   slashes: null,
81 verbose parsed url   auth: null,
81 verbose parsed url   host: null,
81 verbose parsed url   port: null,
81 verbose parsed url   hostname: null,
81 verbose parsed url   hash: null,
81 verbose parsed url   search: null,
81 verbose parsed url   query: null,
81 verbose parsed url   pathname: 'libmime@^1.0.0',
81 verbose parsed url   path: 'libmime@^1.0.0',
81 verbose parsed url   href: 'libmime@^1.0.0' }
82 verbose cache add name="buildmail" spec="^1.2.4" args=["buildmail","^1.2.4"]
83 verbose parsed url { protocol: null,
83 verbose parsed url   slashes: null,
83 verbose parsed url   auth: null,
83 verbose parsed url   host: null,
83 verbose parsed url   port: null,
83 verbose parsed url   hostname: null,
83 verbose parsed url   hash: null,
83 verbose parsed url   search: null,
83 verbose parsed url   query: null,
83 verbose parsed url   pathname: '^1.2.4',
83 verbose parsed url   path: '^1.2.4',
83 verbose parsed url   href: '^1.2.4' }
84 verbose addNamed [ 'buildmail', '^1.2.4' ]
85 verbose addNamed [ null, '>=1.2.4-0 <2.0.0-0' ]
86 silly lockFile 959aef27-buildmail-1-2-4 buildmail@^1.2.4
87 verbose lock buildmail@^1.2.4 /home/nidhin/.npm/959aef27-buildmail-1-2-4.lock
88 verbose cache add name="hyperquest" spec="^1.2.0" args=["hyperquest","^1.2.0"]
89 verbose parsed url { protocol: null,
89 verbose parsed url   slashes: null,
89 verbose parsed url   auth: null,
89 verbose parsed url   host: null,
89 verbose parsed url   port: null,
89 verbose parsed url   hostname: null,
89 verbose parsed url   hash: null,
89 verbose parsed url   search: null,
89 verbose parsed url   query: null,
89 verbose parsed url   pathname: '^1.2.0',
89 verbose parsed url   path: '^1.2.0',
89 verbose parsed url   href: '^1.2.0' }
90 verbose addNamed [ 'hyperquest', '^1.2.0' ]
91 verbose addNamed [ null, '>=1.2.0-0 <2.0.0-0' ]
92 silly lockFile 4e4e9bc4-hyperquest-1-2-0 hyperquest@^1.2.0
93 verbose lock hyperquest@^1.2.0 /home/nidhin/.npm/4e4e9bc4-hyperquest-1-2-0.lock
94 verbose cache add [ 'nodemailer-direct-transport@^1.0.2', null ]
95 verbose cache add name=undefined spec="nodemailer-direct-transport@^1.0.2" args=["nodemailer-direct-transport@^1.0.2",null]
96 verbose parsed url { protocol: null,
96 verbose parsed url   slashes: null,
96 verbose parsed url   auth: null,
96 verbose parsed url   host: null,
96 verbose parsed url   port: null,
96 verbose parsed url   hostname: null,
96 verbose parsed url   hash: null,
96 verbose parsed url   search: null,
96 verbose parsed url   query: null,
96 verbose parsed url   pathname: 'nodemailer-direct-transport@^1.0.2',
96 verbose parsed url   path: 'nodemailer-direct-transport@^1.0.2',
96 verbose parsed url   href: 'nodemailer-direct-transport@^1.0.2' }
97 verbose cache add name="libmime" spec="^1.0.0" args=["libmime","^1.0.0"]
98 verbose parsed url { protocol: null,
98 verbose parsed url   slashes: null,
98 verbose parsed url   auth: null,
98 verbose parsed url   host: null,
98 verbose parsed url   port: null,
98 verbose parsed url   hostname: null,
98 verbose parsed url   hash: null,
98 verbose parsed url   search: null,
98 verbose parsed url   query: null,
98 verbose parsed url   pathname: '^1.0.0',
98 verbose parsed url   path: '^1.0.0',
98 verbose parsed url   href: '^1.0.0' }
99 verbose addNamed [ 'libmime', '^1.0.0' ]
100 verbose addNamed [ null, '>=1.0.0-0 <2.0.0-0' ]
101 silly lockFile 6016964a-libmime-1-0-0 libmime@^1.0.0
102 verbose lock libmime@^1.0.0 /home/nidhin/.npm/6016964a-libmime-1-0-0.lock
103 verbose cache add [ 'nodemailer-smtp-transport@^1.0.3', null ]
104 verbose cache add name=undefined spec="nodemailer-smtp-transport@^1.0.3" args=["nodemailer-smtp-transport@^1.0.3",null]
105 verbose parsed url { protocol: null,
105 verbose parsed url   slashes: null,
105 verbose parsed url   auth: null,
105 verbose parsed url   host: null,
105 verbose parsed url   port: null,
105 verbose parsed url   hostname: null,
105 verbose parsed url   hash: null,
105 verbose parsed url   search: null,
105 verbose parsed url   query: null,
105 verbose parsed url   pathname: 'nodemailer-smtp-transport@^1.0.3',
105 verbose parsed url   path: 'nodemailer-smtp-transport@^1.0.3',
105 verbose parsed url   href: 'nodemailer-smtp-transport@^1.0.3' }
106 verbose cache add name="nodemailer-direct-transport" spec="^1.0.2" args=["nodemailer-direct-transport","^1.0.2"]
107 verbose parsed url { protocol: null,
107 verbose parsed url   slashes: null,
107 verbose parsed url   auth: null,
107 verbose parsed url   host: null,
107 verbose parsed url   port: null,
107 verbose parsed url   hostname: null,
107 verbose parsed url   hash: null,
107 verbose parsed url   search: null,
107 verbose parsed url   query: null,
107 verbose parsed url   pathname: '^1.0.2',
107 verbose parsed url   path: '^1.0.2',
107 verbose parsed url   href: '^1.0.2' }
108 verbose addNamed [ 'nodemailer-direct-transport', '^1.0.2' ]
109 verbose addNamed [ null, '>=1.0.2-0 <2.0.0-0' ]
110 silly lockFile 90d2afcf-odemailer-direct-transport-1-0-2 nodemailer-direct-transport@^1.0.2
111 verbose lock nodemailer-direct-transport@^1.0.2 /home/nidhin/.npm/90d2afcf-odemailer-direct-transport-1-0-2.lock
112 silly addNameRange { name: 'buildmail',
112 silly addNameRange   range: '>=1.2.4-0 <2.0.0-0',
112 silly addNameRange   hasData: false }
113 silly addNameRange { name: 'hyperquest',
113 silly addNameRange   range: '>=1.2.0-0 <2.0.0-0',
113 silly addNameRange   hasData: false }
114 verbose cache add name="nodemailer-smtp-transport" spec="^1.0.3" args=["nodemailer-smtp-transport","^1.0.3"]
115 verbose parsed url { protocol: null,
115 verbose parsed url   slashes: null,
115 verbose parsed url   auth: null,
115 verbose parsed url   host: null,
115 verbose parsed url   port: null,
115 verbose parsed url   hostname: null,
115 verbose parsed url   hash: null,
115 verbose parsed url   search: null,
115 verbose parsed url   query: null,
115 verbose parsed url   pathname: '^1.0.3',
115 verbose parsed url   path: '^1.0.3',
115 verbose parsed url   href: '^1.0.3' }
116 verbose addNamed [ 'nodemailer-smtp-transport', '^1.0.3' ]
117 verbose addNamed [ null, '>=1.0.3-0 <2.0.0-0' ]
118 silly lockFile a03b92c0-nodemailer-smtp-transport-1-0-3 nodemailer-smtp-transport@^1.0.3
119 verbose lock nodemailer-smtp-transport@^1.0.3 /home/nidhin/.npm/a03b92c0-nodemailer-smtp-transport-1-0-3.lock
120 silly addNameRange { name: 'libmime', range: '>=1.0.0-0 <2.0.0-0', hasData: false }
121 silly addNameRange { name: 'nodemailer-direct-transport',
121 silly addNameRange   range: '>=1.0.2-0 <2.0.0-0',
121 silly addNameRange   hasData: false }
122 silly addNameRange { name: 'nodemailer-smtp-transport',
122 silly addNameRange   range: '>=1.0.3-0 <2.0.0-0',
122 silly addNameRange   hasData: false }
123 verbose request where is /buildmail
124 verbose request registry http://registry.npmjs.org/
125 verbose url raw /buildmail
126 verbose url resolving [ 'http://registry.npmjs.org/', './buildmail' ]
127 verbose url resolved http://registry.npmjs.org/buildmail
128 verbose request where is http://registry.npmjs.org/buildmail
129 info trying registry request attempt 1 at 19:27:16
130 verbose etag "CULNP0W4TG1LD5FC4GGN2N1K0"
131 http GET http://registry.npmjs.org/buildmail
132 verbose request where is /hyperquest
133 verbose request registry http://registry.npmjs.org/
134 verbose url raw /hyperquest
135 verbose url resolving [ 'http://registry.npmjs.org/', './hyperquest' ]
136 verbose url resolved http://registry.npmjs.org/hyperquest
137 verbose request where is http://registry.npmjs.org/hyperquest
138 info trying registry request attempt 1 at 19:27:16
139 verbose etag "E0LP0QWJ2OQ5HILYHF0WFJJEF"
140 http GET http://registry.npmjs.org/hyperquest
141 verbose request where is /libmime
142 verbose request registry http://registry.npmjs.org/
143 verbose url raw /libmime
144 verbose url resolving [ 'http://registry.npmjs.org/', './libmime' ]
145 verbose url resolved http://registry.npmjs.org/libmime
146 verbose request where is http://registry.npmjs.org/libmime
147 info trying registry request attempt 1 at 19:27:16
148 verbose etag "4CHHUPSB4DGKM960I9WFLC347"
149 http GET http://registry.npmjs.org/libmime
150 verbose request where is /nodemailer-direct-transport
151 verbose request registry http://registry.npmjs.org/
152 verbose url raw /nodemailer-direct-transport
153 verbose url resolving [ 'http://registry.npmjs.org/',
153 verbose url resolving   './nodemailer-direct-transport' ]
154 verbose url resolved http://registry.npmjs.org/nodemailer-direct-transport
155 verbose request where is http://registry.npmjs.org/nodemailer-direct-transport
156 info trying registry request attempt 1 at 19:27:16
157 verbose etag "ALBNUT13C58UA2PLZTIUXP67F"
158 http GET http://registry.npmjs.org/nodemailer-direct-transport
159 verbose request where is /nodemailer-smtp-transport
160 verbose request registry http://registry.npmjs.org/
161 verbose url raw /nodemailer-smtp-transport
162 verbose url resolving [ 'http://registry.npmjs.org/', './nodemailer-smtp-transport' ]
163 verbose url resolved http://registry.npmjs.org/nodemailer-smtp-transport
164 verbose request where is http://registry.npmjs.org/nodemailer-smtp-transport
165 info trying registry request attempt 1 at 19:27:16
166 verbose etag "3FTAN5GAXG6PLAKI1TLXVWAOL"
167 http GET http://registry.npmjs.org/nodemailer-smtp-transport
168 http 304 http://registry.npmjs.org/buildmail
169 silly registry.get cb [ 304,
169 silly registry.get   { date: 'Thu, 09 Jul 2015 13:57:20 GMT',
169 silly registry.get     via: '1.1 varnish',
169 silly registry.get     'cache-control': 'max-age=60',
169 silly registry.get     etag: '"CULNP0W4TG1LD5FC4GGN2N1K0"',
169 silly registry.get     age: '0',
169 silly registry.get     connection: 'keep-alive',
169 silly registry.get     'x-served-by': 'cache-sin6924-SIN',
169 silly registry.get     'x-cache': 'HIT',
169 silly registry.get     'x-cache-hits': '1',
169 silly registry.get     'x-timer': 'S1436450240.902233,VS0,VE264',
169 silly registry.get     vary: 'Accept' } ]
170 verbose etag http://registry.npmjs.org/buildmail from cache
171 silly addNameRange number 2 { name: 'buildmail', range: '>=1.2.4-0 <2.0.0-0', hasData: true }
172 silly addNameRange versions [ 'buildmail',
172 silly addNameRange   [ '0.1.0',
172 silly addNameRange     '0.1.1',
172 silly addNameRange     '0.1.2',
172 silly addNameRange     '0.1.3',
172 silly addNameRange     '0.1.4',
172 silly addNameRange     '0.1.5',
172 silly addNameRange     '0.1.6',
172 silly addNameRange     '0.1.7',
172 silly addNameRange     '0.1.8',
172 silly addNameRange     '0.1.9',
172 silly addNameRange     '0.1.10',
172 silly addNameRange     '0.1.11',
172 silly addNameRange     '1.1.0',
172 silly addNameRange     '1.1.1',
172 silly addNameRange     '1.2.0',
172 silly addNameRange     '1.2.1',
172 silly addNameRange     '1.2.2',
172 silly addNameRange     '1.2.3',
172 silly addNameRange     '1.2.4' ] ]
173 verbose addNamed [ 'buildmail', '1.2.4' ]
174 verbose addNamed [ '1.2.4', '1.2.4' ]
175 silly lockFile 6ef3eb78-buildmail-1-2-4 buildmail@1.2.4
176 verbose lock buildmail@1.2.4 /home/nidhin/.npm/6ef3eb78-buildmail-1-2-4.lock
177 silly lockFile 6ef3eb78-buildmail-1-2-4 buildmail@1.2.4
178 silly lockFile 6ef3eb78-buildmail-1-2-4 buildmail@1.2.4
179 silly lockFile 959aef27-buildmail-1-2-4 buildmail@^1.2.4
180 silly lockFile 959aef27-buildmail-1-2-4 buildmail@^1.2.4
181 http 304 http://registry.npmjs.org/nodemailer-smtp-transport
182 silly registry.get cb [ 304,
182 silly registry.get   { date: 'Thu, 09 Jul 2015 13:57:21 GMT',
182 silly registry.get     via: '1.1 varnish',
182 silly registry.get     'cache-control': 'max-age=60',
182 silly registry.get     etag: '"3FTAN5GAXG6PLAKI1TLXVWAOL"',
182 silly registry.get     age: '0',
182 silly registry.get     connection: 'keep-alive',
182 silly registry.get     'x-served-by': 'cache-sin6924-SIN',
182 silly registry.get     'x-cache': 'HIT',
182 silly registry.get     'x-cache-hits': '1',
182 silly registry.get     'x-timer': 'S1436450241.074800,VS0,VE204',
182 silly registry.get     vary: 'Accept' } ]
183 verbose etag http://registry.npmjs.org/nodemailer-smtp-transport from cache
184 silly addNameRange number 2 { name: 'nodemailer-smtp-transport',
184 silly addNameRange   range: '>=1.0.3-0 <2.0.0-0',
184 silly addNameRange   hasData: true }
185 silly addNameRange versions [ 'nodemailer-smtp-transport',
185 silly addNameRange   [ '0.1.0',
185 silly addNameRange     '0.1.1',
185 silly addNameRange     '0.1.2',
185 silly addNameRange     '0.1.3',
185 silly addNameRange     '0.1.4',
185 silly addNameRange     '0.1.5',
185 silly addNameRange     '0.1.6',
185 silly addNameRange     '0.1.7',
185 silly addNameRange     '0.1.8',
185 silly addNameRange     '0.1.9',
185 silly addNameRange     '0.1.10',
185 silly addNameRange     '0.1.11',
185 silly addNameRange     '0.1.12',
185 silly addNameRange     '0.1.13',
185 silly addNameRange     '1.0.0',
185 silly addNameRange     '1.0.1',
185 silly addNameRange     '1.0.2',
185 silly addNameRange     '1.0.3' ] ]
186 verbose addNamed [ 'nodemailer-smtp-transport', '1.0.3' ]
187 verbose addNamed [ '1.0.3', '1.0.3' ]
188 silly lockFile eacae1b2-nodemailer-smtp-transport-1-0-3 nodemailer-smtp-transport@1.0.3
189 verbose lock nodemailer-smtp-transport@1.0.3 /home/nidhin/.npm/eacae1b2-nodemailer-smtp-transport-1-0-3.lock
190 silly lockFile eacae1b2-nodemailer-smtp-transport-1-0-3 nodemailer-smtp-transport@1.0.3
191 silly lockFile eacae1b2-nodemailer-smtp-transport-1-0-3 nodemailer-smtp-transport@1.0.3
192 silly lockFile a03b92c0-nodemailer-smtp-transport-1-0-3 nodemailer-smtp-transport@^1.0.3
193 silly lockFile a03b92c0-nodemailer-smtp-transport-1-0-3 nodemailer-smtp-transport@^1.0.3
194 http 304 http://registry.npmjs.org/nodemailer-direct-transport
195 silly registry.get cb [ 304,
195 silly registry.get   { date: 'Thu, 09 Jul 2015 13:57:20 GMT',
195 silly registry.get     via: '1.1 varnish',
195 silly registry.get     'cache-control': 'max-age=60',
195 silly registry.get     etag: '"ALBNUT13C58UA2PLZTIUXP67F"',
195 silly registry.get     age: '0',
195 silly registry.get     connection: 'keep-alive',
195 silly registry.get     'x-served-by': 'cache-sin6927-SIN',
195 silly registry.get     'x-cache': 'HIT',
195 silly registry.get     'x-cache-hits': '1',
195 silly registry.get     'x-timer': 'S1436450240.912601,VS0,VE831',
195 silly registry.get     vary: 'Accept' } ]
196 verbose etag http://registry.npmjs.org/nodemailer-direct-transport from cache
197 http 304 http://registry.npmjs.org/hyperquest
198 silly registry.get cb [ 304,
198 silly registry.get   { date: 'Thu, 09 Jul 2015 13:57:20 GMT',
198 silly registry.get     via: '1.1 varnish',
198 silly registry.get     'cache-control': 'max-age=60',
198 silly registry.get     etag: '"E0LP0QWJ2OQ5HILYHF0WFJJEF"',
198 silly registry.get     age: '0',
198 silly registry.get     connection: 'keep-alive',
198 silly registry.get     'x-served-by': 'cache-sin6923-SIN',
198 silly registry.get     'x-cache': 'HIT',
198 silly registry.get     'x-cache-hits': '1',
198 silly registry.get     'x-timer': 'S1436450240.919231,VS0,VE842',
198 silly registry.get     vary: 'Accept' } ]
199 verbose etag http://registry.npmjs.org/hyperquest from cache
200 silly addNameRange number 2 { name: 'nodemailer-direct-transport',
200 silly addNameRange   range: '>=1.0.2-0 <2.0.0-0',
200 silly addNameRange   hasData: true }
201 silly addNameRange versions [ 'nodemailer-direct-transport',
201 silly addNameRange   [ '0.1.0', '0.1.1', '0.1.2', '1.0.0', '1.0.1', '1.0.2' ] ]
202 verbose addNamed [ 'nodemailer-direct-transport', '1.0.2' ]
203 verbose addNamed [ '1.0.2', '1.0.2' ]
204 silly lockFile 90db3010-odemailer-direct-transport-1-0-2 nodemailer-direct-transport@1.0.2
205 verbose lock nodemailer-direct-transport@1.0.2 /home/nidhin/.npm/90db3010-odemailer-direct-transport-1-0-2.lock
206 silly addNameRange number 2 { name: 'hyperquest',
206 silly addNameRange   range: '>=1.2.0-0 <2.0.0-0',
206 silly addNameRange   hasData: true }
207 silly addNameRange versions [ 'hyperquest',
207 silly addNameRange   [ '0.0.0',
207 silly addNameRange     '0.0.1',
207 silly addNameRange     '0.0.2',
207 silly addNameRange     '0.0.3',
207 silly addNameRange     '0.1.0',
207 silly addNameRange     '0.1.1',
207 silly addNameRange     '0.1.2',
207 silly addNameRange     '0.1.3',
207 silly addNameRange     '0.1.4',
207 silly addNameRange     '0.1.5',
207 silly addNameRange     '0.1.6',
207 silly addNameRange     '0.1.7',
207 silly addNameRange     '0.1.8',
207 silly addNameRange     '0.2.0',
207 silly addNameRange     '0.3.0',
207 silly addNameRange     '1.0.0',
207 silly addNameRange     '1.0.1',
207 silly addNameRange     '1.1.0',
207 silly addNameRange     '1.2.0' ] ]
208 verbose addNamed [ 'hyperquest', '1.2.0' ]
209 verbose addNamed [ '1.2.0', '1.2.0' ]
210 silly lockFile d2f056c6-hyperquest-1-2-0 hyperquest@1.2.0
211 verbose lock hyperquest@1.2.0 /home/nidhin/.npm/d2f056c6-hyperquest-1-2-0.lock
212 silly lockFile d2165920--hyperquest-hyperquest-1-2-0-tgz http://registry.npmjs.org/hyperquest/-/hyperquest-1.2.0.tgz
213 verbose lock http://registry.npmjs.org/hyperquest/-/hyperquest-1.2.0.tgz /home/nidhin/.npm/d2165920--hyperquest-hyperquest-1-2-0-tgz.lock
214 verbose addRemoteTarball [ 'http://registry.npmjs.org/hyperquest/-/hyperquest-1.2.0.tgz',
214 verbose addRemoteTarball   '39e1fef66888dc7ce0dec6c0dd814f6fc8944ad5' ]
215 silly lockFile 90db3010-odemailer-direct-transport-1-0-2 nodemailer-direct-transport@1.0.2
216 silly lockFile 90db3010-odemailer-direct-transport-1-0-2 nodemailer-direct-transport@1.0.2
217 silly lockFile 90d2afcf-odemailer-direct-transport-1-0-2 nodemailer-direct-transport@^1.0.2
218 silly lockFile 90d2afcf-odemailer-direct-transport-1-0-2 nodemailer-direct-transport@^1.0.2
219 info retry fetch attempt 1 at 19:27:17
220 verbose fetch to= /tmp/npm-4103-5xONgbQk/registry.npmjs.org/hyperquest/-/hyperquest-1.2.0.tgz
221 http GET http://registry.npmjs.org/hyperquest/-/hyperquest-1.2.0.tgz
222 http 304 http://registry.npmjs.org/libmime
223 silly registry.get cb [ 304,
223 silly registry.get   { date: 'Thu, 09 Jul 2015 13:57:20 GMT',
223 silly registry.get     via: '1.1 varnish',
223 silly registry.get     'cache-control': 'max-age=60',
223 silly registry.get     etag: '"4CHHUPSB4DGKM960I9WFLC347"',
223 silly registry.get     age: '0',
223 silly registry.get     connection: 'keep-alive',
223 silly registry.get     'x-served-by': 'cache-sin6921-SIN',
223 silly registry.get     'x-cache': 'HIT',
223 silly registry.get     'x-cache-hits': '1',
223 silly registry.get     'x-timer': 'S1436450240.911904,VS0,VE1076',
223 silly registry.get     vary: 'Accept' } ]
224 verbose etag http://registry.npmjs.org/libmime from cache
225 http 200 http://registry.npmjs.org/hyperquest/-/hyperquest-1.2.0.tgz
226 silly addNameRange number 2 { name: 'libmime', range: '>=1.0.0-0 <2.0.0-0', hasData: true }
227 silly addNameRange versions [ 'libmime',
227 silly addNameRange   [ '0.1.0',
227 silly addNameRange     '0.1.1',
227 silly addNameRange     '0.1.2',
227 silly addNameRange     '0.1.3',
227 silly addNameRange     '0.1.4',
227 silly addNameRange     '0.1.5',
227 silly addNameRange     '0.1.6',
227 silly addNameRange     '0.1.7',
227 silly addNameRange     '1.0.0' ] ]
228 verbose addNamed [ 'libmime', '1.0.0' ]
229 verbose addNamed [ '1.0.0', '1.0.0' ]
230 silly lockFile d1fa4208-libmime-1-0-0 libmime@1.0.0
231 verbose lock libmime@1.0.0 /home/nidhin/.npm/d1fa4208-libmime-1-0-0.lock
232 silly lockFile d2165920--hyperquest-hyperquest-1-2-0-tgz http://registry.npmjs.org/hyperquest/-/hyperquest-1.2.0.tgz
233 silly lockFile d2165920--hyperquest-hyperquest-1-2-0-tgz http://registry.npmjs.org/hyperquest/-/hyperquest-1.2.0.tgz
234 silly lockFile d2f056c6-hyperquest-1-2-0 hyperquest@1.2.0
235 silly lockFile d2f056c6-hyperquest-1-2-0 hyperquest@1.2.0
236 silly lockFile 4e4e9bc4-hyperquest-1-2-0 hyperquest@^1.2.0
237 silly lockFile 4e4e9bc4-hyperquest-1-2-0 hyperquest@^1.2.0
238 verbose about to build /media/nidhin/FA06F4A206F46155/Users/Nidhin/Documents/GitHub/Kart_node_dev/node_modules/nodemailer
239 verbose node_modules/nodemailer unbuild
240 info preuninstall nodemailer@1.4.0
241 silly lockFile d1fa4208-libmime-1-0-0 libmime@1.0.0
242 silly lockFile d1fa4208-libmime-1-0-0 libmime@1.0.0
243 info uninstall nodemailer@1.4.0
244 silly lockFile 6016964a-libmime-1-0-0 libmime@^1.0.0
245 silly lockFile 6016964a-libmime-1-0-0 libmime@^1.0.0
246 verbose true,/media/nidhin/FA06F4A206F46155/Users/Nidhin/Documents/GitHub/Kart_node_dev/node_modules,/media/nidhin/FA06F4A206F46155/Users/Nidhin/Documents/GitHub/Kart_node_dev/node_modules unbuild nodemailer@1.4.0
247 info postuninstall nodemailer@1.4.0
248 error Error: EACCES, mkdir '/home/nidhin/.npm/hyperquest/1.2.0'
248 error  { [Error: EACCES, mkdir '/home/nidhin/.npm/hyperquest/1.2.0']
248 error   errno: 3,
248 error   code: 'EACCES',
248 error   path: '/home/nidhin/.npm/hyperquest/1.2.0',
248 error   parent: 'nodemailer' }
249 error Please try running this command again as root/Administrator.
250 error System Linux 3.16.0-33-generic
251 error command "/usr/bin/nodejs" "/usr/bin/npm" "install" "nodemailer" "--save"
252 error cwd /media/nidhin/FA06F4A206F46155/Users/Nidhin/Documents/GitHub/Kart_node_dev
253 error node -v v0.10.25
254 error npm -v 1.4.21
255 error path /home/nidhin/.npm/hyperquest/1.2.0
256 error code EACCES
257 error errno 3
258 error stack Error: EACCES, mkdir '/home/nidhin/.npm/hyperquest/1.2.0'
259 verbose exit [ 3, true ]
